<?xml version="1.0" encoding="UTF-8" ?>
<testsuite 
errors="0" failures="0" hostname="Roberts-MacBook-Pro.local" name="org.scalatest.tools.DiscoverySuite" tests="0" time="0.008" timestamp="2015-11-13T07:45:17">
  <properties>
    <property name="java.runtime.name" value="Java(TM) SE Runtime Environment">
    </property>
    <property 
    name="sun.boot.library.path" value="/Library/Java/JavaVirtualMachines/jdk1.8.0_45.jdk/Contents/Home/jre/lib">
</property>
    <property name="java.vm.version" value="25.45-b02"> </property>
    <property name="user.country.format" value="GB"> </property>
    <property name="gopherProxySet" value="false"> </property>
    <property name="java.vm.vendor" value="Oracle Corporation"> </property>
    <property name="java.vendor.url" value="http://java.oracle.com/">
    </property>
    <property name="path.separator" value=":"> </property>
    <property name="java.vm.name" value="Java HotSpot(TM) 64-Bit Server VM">
    </property>
    <property name="file.encoding.pkg" value="sun.io"> </property>
    <property name="user.country" value="US"> </property>
    <property name="sun.java.launcher" value="SUN_STANDARD"> </property>
    <property name="sun.os.patch.level" value="unknown"> </property>
    <property 
    name="java.vm.specification.name" value="Java Virtual Machine Specification">
</property>
    <property 
    name="user.dir" value="/Users/Robert/Workspaces/scala-http/example-app/system">
</property>
    <property name="java.runtime.version" value="1.8.0_45-b14"> </property>
    <property name="java.awt.graphicsenv" value="sun.awt.CGraphicsEnvironment">
    </property>
    <property 
    name="basedir" value="/Users/Robert/Workspaces/scala-http/example-app/system">
</property>
    <property 
    name="java.endorsed.dirs" value="/Library/Java/JavaVirtualMachines/jdk1.8.0_45.jdk/Contents/Home/jre/lib/endorsed">
</property>
    <property name="os.arch" value="x86_64"> </property>
    <property 
    name="java.io.tmpdir" value="/var/folders/wk/y88f4vtd1bjb02vm1rx4xx2r0000gn/T/">
</property>
    <property name="line.separator" value=" "> </property>
    <property name="java.vm.specification.vendor" value="Oracle Corporation">
    </property>
    <property name="os.name" value="Mac OS X"> </property>
    <property name="sun.jnu.encoding" value="UTF-8"> </property>
    <property 
    name="java.library.path" value="/Users/Robert/Library/Java/Extensions:/Library/Java/Extensions:/Network/Library/Java/Extensions:/System/Library/Java/Extensions:/usr/lib/java:.">
</property>
    <property 
    name="java.specification.name" value="Java Platform API Specification">
</property>
    <property name="java.class.version" value="52.0"> </property>
    <property 
    name="sun.management.compiler" value="HotSpot 64-Bit Tiered Compilers">
</property>
    <property name="os.version" value="10.11.1"> </property>
    <property 
    name="http.nonProxyHosts" value="local|*.local|169.254/16|*.169.254/16">
</property>
    <property name="user.home" value="/Users/Robert"> </property>
    <property name="user.timezone" value="Europe/London"> </property>
    <property name="java.awt.printerjob" value="sun.lwawt.macosx.CPrinterJob">
    </property>
    <property name="java.specification.version" value="1.8"> </property>
    <property name="file.encoding" value="UTF-8"> </property>
    <property name="user.name" value="Robert"> </property>
    <property 
    name="java.class.path" value="/Users/Robert/Workspaces/scala-http/example-app/system/target/test-classes:/Users/Robert/Workspaces/scala-http/example-app/system/target/classes:/Users/Robert/.m2/repository/uk/org/lidalia/lidalia-lang/1.0.0/lidalia-lang-1.0.0.jar:/Users/Robert/.m2/repository/com/google/guava/guava/14.0.1/guava-14.0.1.jar:/Users/Robert/.m2/repository/org/apache/commons/commons-lang3/3.1/commons-lang3-3.1.jar:/Users/Robert/.m2/repository/org/slf4j/slf4j-api/1.7.5/slf4j-api-1.7.5.jar:/Users/Robert/.m2/repository/joda-time/joda-time/2.3/joda-time-2.3.jar:/Users/Robert/.m2/repository/org/joda/joda-convert/1.6/joda-convert-1.6.jar:/Users/Robert/.m2/repository/commons-io/commons-io/2.4/commons-io-2.4.jar:/Users/Robert/.m2/repository/org/scala-lang/scala-library/2.11.7/scala-library-2.11.7.jar:/Users/Robert/.m2/repository/org/apache/httpcomponents/httpcore/4.3.3/httpcore-4.3.3.jar:/Users/Robert/.m2/repository/org/apache/httpcomponents/httpclient/4.3.6/httpclient-4.3.6.jar:/Users/Robert/.m2/repository/commons-logging/commons-logging/1.1.3/commons-logging-1.1.3.jar:/Users/Robert/.m2/repository/commons-codec/commons-codec/1.6/commons-codec-1.6.jar:/Users/Robert/.m2/repository/com/github/tomakehurst/wiremock/1.54/wiremock-1.54.jar:/Users/Robert/.m2/repository/xmlunit/xmlunit/1.5/xmlunit-1.5.jar:/Users/Robert/.m2/repository/org/mortbay/jetty/jetty/6.1.26/jetty-6.1.26.jar:/Users/Robert/.m2/repository/org/mortbay/jetty/jetty-util/6.1.26/jetty-util-6.1.26.jar:/Users/Robert/.m2/repository/org/mortbay/jetty/servlet-api/2.5-20081211/servlet-api-2.5-20081211.jar:/Users/Robert/.m2/repository/org/skyscreamer/jsonassert/1.2.3/jsonassert-1.2.3.jar:/Users/Robert/.m2/repository/org/json/json/20090211/json-20090211.jar:/Users/Robert/.m2/repository/com/jayway/jsonpath/json-path/0.8.1/json-path-0.8.1.jar:/Users/Robert/.m2/repository/net/minidev/json-smart/1.1.1/json-smart-1.1.1.jar:/Users/Robert/.m2/repository/commons-lang/commons-lang/2.6/commons-lang-2.6.jar:/Users/Robert/.m2/repository/com/fasterxml/jackson/core/jackson-annotations/2.4.2/jackson-annotations-2.4.2.jar:/Users/Robert/.m2/repository/com/fasterxml/jackson/core/jackson-core/2.4.2/jackson-core-2.4.2.jar:/Users/Robert/.m2/repository/net/sf/jopt-simple/jopt-simple/4.7/jopt-simple-4.7.jar:/Users/Robert/.m2/repository/com/fasterxml/jackson/core/jackson-databind/2.4.2/jackson-databind-2.4.2.jar:/Users/Robert/.m2/repository/org/scalacheck/scalacheck_2.11/1.12.5/scalacheck_2.11-1.12.5.jar:/Users/Robert/.m2/repository/org/scala-sbt/test-interface/1.0/test-interface-1.0.jar:/Users/Robert/.m2/repository/org/scalatest/scalatest_2.11/2.2.5/scalatest_2.11-2.2.5.jar:/Users/Robert/.m2/repository/org/scala-lang/scala-reflect/2.11.2/scala-reflect-2.11.2.jar:/Users/Robert/.m2/repository/org/scala-lang/modules/scala-xml_2.11/1.0.2/scala-xml_2.11-1.0.2.jar:/Users/Robert/.m2/repository/junit/junit/4.11/junit-4.11.jar:/Users/Robert/.m2/repository/org/hamcrest/hamcrest-core/1.3/hamcrest-core-1.3.jar:/Users/Robert/.m2/repository/org/hamcrest/hamcrest-library/1.3/hamcrest-library-1.3.jar:/Users/Robert/.m2/repository/org/mockito/mockito-core/1.9.5/mockito-core-1.9.5.jar:/Users/Robert/.m2/repository/org/objenesis/objenesis/1.0/objenesis-1.0.jar:/Users/Robert/.m2/repository/org/powermock/powermock-module-junit4/1.5/powermock-module-junit4-1.5.jar:/Users/Robert/.m2/repository/org/powermock/powermock-module-junit4-common/1.5/powermock-module-junit4-common-1.5.jar:/Users/Robert/.m2/repository/org/powermock/powermock-core/1.5/powermock-core-1.5.jar:/Users/Robert/.m2/repository/org/javassist/javassist/3.17.1-GA/javassist-3.17.1-GA.jar:/Users/Robert/.m2/repository/org/powermock/powermock-reflect/1.5/powermock-reflect-1.5.jar:/Users/Robert/.m2/repository/org/powermock/powermock-api-mockito/1.5/powermock-api-mockito-1.5.jar:/Users/Robert/.m2/repository/org/powermock/powermock-api-support/1.5/powermock-api-support-1.5.jar:/Users/Robert/.m2/repository/pl/pragmatists/JUnitParams/1.0.1/JUnitParams-1.0.1.jar:/Users/Robert/.m2/repository/org/slf4j/jcl-over-slf4j/1.7.5/jcl-over-slf4j-1.7.5.jar:/Users/Robert/.m2/repository/org/slf4j/jul-to-slf4j/1.7.5/jul-to-slf4j-1.7.5.jar:/Users/Robert/.m2/repository/uk/org/lidalia/jul-to-slf4j-config/1.0.0/jul-to-slf4j-config-1.0.0.jar:/Users/Robert/.m2/repository/org/slf4j/log4j-over-slf4j/1.7.5/log4j-over-slf4j-1.7.5.jar:/Users/Robert/.m2/repository/org/apache/logging/log4j/adapters/log4j-to-slf4j/2.0-beta4/log4j-to-slf4j-2.0-beta4.jar:/Users/Robert/.m2/repository/org/apache/logging/log4j/log4j-api/2.0-beta4/log4j-api-2.0-beta4.jar:/Users/Robert/.m2/repository/uk/org/lidalia/lidalia-test/1.0.0/lidalia-test-1.0.0.jar:/Users/Robert/.m2/repository/uk/org/lidalia/slf4j-test/1.0.1/slf4j-test-1.0.1.jar:/Users/Robert/.m2/repository/uk/org/lidalia/lidalia-slf4j-ext/1.0.0/lidalia-slf4j-ext-1.0.0.jar:/Users/Robert/.m2/repository/org/glassfish/javax.json/1.0.4/javax.json-1.0.4.jar">
</property>
    <property name="java.vm.specification.version" value="1.8"> </property>
    <property name="sun.arch.data.model" value="64"> </property>
    <property 
    name="java.home" value="/Library/Java/JavaVirtualMachines/jdk1.8.0_45.jdk/Contents/Home/jre">
</property>
    <property 
    name="sun.java.command" value="org.scalatest.tools.Runner -R /Users/Robert/Workspaces/scala-http/example-app/system/target/classes /Users/Robert/Workspaces/scala-http/example-app/system/target/test-classes -o -fWDF /Users/Robert/Workspaces/scala-http/example-app/system/target/surefire-reports/TestSuite.txt -u /Users/Robert/Workspaces/scala-http/example-app/system/target/surefire-reports/.">
</property>
    <property name="java.specification.vendor" value="Oracle Corporation">
    </property>
    <property name="user.language" value="en"> </property>
    <property name="awt.toolkit" value="sun.lwawt.macosx.LWCToolkit">
    </property>
    <property name="java.vm.info" value="mixed mode"> </property>
    <property name="java.version" value="1.8.0_45"> </property>
    <property 
    name="java.ext.dirs" value="/Users/Robert/Library/Java/Extensions:/Library/Java/JavaVirtualMachines/jdk1.8.0_45.jdk/Contents/Home/jre/lib/ext:/Library/Java/Extensions:/Network/Library/Java/Extensions:/System/Library/Java/Extensions:/usr/lib/java">
</property>
    <property 
    name="sun.boot.class.path" value="/Library/Java/JavaVirtualMachines/jdk1.8.0_45.jdk/Contents/Home/jre/lib/resources.jar:/Library/Java/JavaVirtualMachines/jdk1.8.0_45.jdk/Contents/Home/jre/lib/rt.jar:/Library/Java/JavaVirtualMachines/jdk1.8.0_45.jdk/Contents/Home/jre/lib/sunrsasign.jar:/Library/Java/JavaVirtualMachines/jdk1.8.0_45.jdk/Contents/Home/jre/lib/jsse.jar:/Library/Java/JavaVirtualMachines/jdk1.8.0_45.jdk/Contents/Home/jre/lib/jce.jar:/Library/Java/JavaVirtualMachines/jdk1.8.0_45.jdk/Contents/Home/jre/lib/charsets.jar:/Library/Java/JavaVirtualMachines/jdk1.8.0_45.jdk/Contents/Home/jre/lib/jfr.jar:/Library/Java/JavaVirtualMachines/jdk1.8.0_45.jdk/Contents/Home/jre/classes">
</property>
    <property name="java.vendor" value="Oracle Corporation"> </property>
    <property name="file.separator" value="/"> </property>
    <property 
    name="java.vendor.url.bug" value="http://bugreport.sun.com/bugreport/">
</property>
    <property name="sun.cpu.endian" value="little"> </property>
    <property name="sun.io.unicode.encoding" value="UnicodeBig"> </property>
    <property 
    name="socksNonProxyHosts" value="local|*.local|169.254/16|*.169.254/16">
</property>
    <property 
    name="ftp.nonProxyHosts" value="local|*.local|169.254/16|*.169.254/16">
</property>
    <property name="sun.cpu.isalist" value=""> </property>
  </properties>
  <system-out><![CDATA[]]></system-out>
  <system-err><![CDATA[]]></system-err>
</testsuite>
